<?xml version="1.0" encoding="UTF-8"?>
<testng-results skipped="0" failed="0" total="1" passed="1">
  <reporter-output>
  </reporter-output>
  <suite name="Test Suite" duration-ms="282" started-at="2017-04-08T09:48:34Z" finished-at="2017-04-08T09:48:34Z">
    <groups>
    </groups>
    <test name="NewTest TestCases" duration-ms="282" started-at="2017-04-08T09:48:34Z" finished-at="2017-04-08T09:48:34Z">
      <class name="testcases.NewTest">
        <test-method status="PASS" signature="f()[pri:0, instance:testcases.NewTest@47fb58c9]" name="f" duration-ms="270" started-at="2017-04-08T17:48:34Z" finished-at="2017-04-08T17:48:34Z">
          <reporter-output>
          </reporter-output>
        </test-method> <!-- f -->
      </class> <!-- testcases.NewTest -->
    </test> <!-- NewTest TestCases -->
  </suite> <!-- Test Suite -->
</testng-results>
