<?xml version="1.0" encoding="UTF-8"?>
<testng-results skipped="0" failed="0" total="1" passed="1">
  <reporter-output>
  </reporter-output>
  <suite name="Test Suite" duration-ms="131" started-at="2017-04-08T04:45:48Z" finished-at="2017-04-08T04:45:49Z">
    <groups>
    </groups>
    <test name="NewTest TestCases" duration-ms="131" started-at="2017-04-08T04:45:48Z" finished-at="2017-04-08T04:45:49Z">
      <class name="testcases.NewTest">
        <test-method status="PASS" signature="f()[pri:0, instance:testcases.NewTest@1d2e91f5]" name="f" duration-ms="111" started-at="2017-04-08T12:45:49Z" finished-at="2017-04-08T12:45:49Z">
          <reporter-output>
          </reporter-output>
        </test-method> <!-- f -->
      </class> <!-- testcases.NewTest -->
    </test> <!-- NewTest TestCases -->
  </suite> <!-- Test Suite -->
</testng-results>
